17:59:41,612 (main) INFO  [DataNucleus.Enhancer] - DataNucleus Enhancer (versión 6.0.0.m2) para el API "JDO" utilisando el JRE "{2}"
17:59:41,623 (main) INFO  [DataNucleus.Enhancer] - DataNucleus Enhancer ha terminado sin enhance ninguna clase. Compruebe el LOG para los detalles.
18:16:13,626 (main) INFO  [DataNucleus.Enhancer] - DataNucleus Enhancer (versión 6.0.0.m2) para el API "JDO" utilisando el JRE "{2}"
18:16:13,633 (main) INFO  [DataNucleus.Enhancer] - DataNucleus Enhancer ha terminado sin enhance ninguna clase. Compruebe el LOG para los detalles.
19:34:44,675 (main) INFO  [DataNucleus.Enhancer] - DataNucleus Enhancer (versión 6.0.0.m2) para el API "JDO" utilisando el JRE "{2}"
19:34:44,680 (main) INFO  [DataNucleus.Enhancer] - DataNucleus Enhancer ha terminado sin enhance ninguna clase. Compruebe el LOG para los detalles.
17:25:39,754 (main) INFO  [DataNucleus.Enhancer] - DataNucleus Enhancer (versión 6.0.0.m2) para el API "JDO" utilisando el JRE "{2}"
17:25:39,774 (main) INFO  [DataNucleus.Enhancer] - DataNucleus Enhancer ha terminado sin enhance ninguna clase. Compruebe el LOG para los detalles.
17:25:49,842 (main) INFO  [DataNucleus.SchemaTool] - DataNucleus SchemaTool : Creación del esquema para clases
17:25:49,846 (main) INFO  [DataNucleus.SchemaTool] - DataNucleus SchemaTool : Classpath
17:25:49,847 (main) INFO  [DataNucleus.SchemaTool] - >>  C:\StravaServer\Strava_G11_Server\Proyecto_Strava_Grupo_11\lib\LoginGoogle.jar
17:25:49,848 (main) INFO  [DataNucleus.SchemaTool] - >>  C:\StravaServer\Strava_G11_Server\Proyecto_Strava_Grupo_11\lib\commons-codec-1.15.jar
17:25:49,849 (main) INFO  [DataNucleus.SchemaTool] - >>  C:\StravaServer\Strava_G11_Server\Proyecto_Strava_Grupo_11\lib\datanucleus-api-jdo-6.0.0-m2.jar
17:25:49,853 (main) INFO  [DataNucleus.SchemaTool] - >>  C:\StravaServer\Strava_G11_Server\Proyecto_Strava_Grupo_11\lib\datanucleus-cache-6.0.0-m2.jar
17:25:49,853 (main) INFO  [DataNucleus.SchemaTool] - >>  C:\StravaServer\Strava_G11_Server\Proyecto_Strava_Grupo_11\lib\datanucleus-core-6.0.0-m2.jar
17:25:49,853 (main) INFO  [DataNucleus.SchemaTool] - >>  C:\StravaServer\Strava_G11_Server\Proyecto_Strava_Grupo_11\lib\datanucleus-rdbms-6.0.0-m2.jar
17:25:49,853 (main) INFO  [DataNucleus.SchemaTool] - >>  C:\StravaServer\Strava_G11_Server\Proyecto_Strava_Grupo_11\lib\javax.jdo-3.2.0-m13.jar
17:25:49,854 (main) INFO  [DataNucleus.SchemaTool] - >>  C:\StravaServer\Strava_G11_Server\Proyecto_Strava_Grupo_11\lib\log4j-1.2.14.jar
17:25:49,854 (main) INFO  [DataNucleus.SchemaTool] - >>  C:\StravaServer\Strava_G11_Server\Proyecto_Strava_Grupo_11\lib\mysql-connector-java-8.0.26.jar
17:25:49,854 (main) INFO  [DataNucleus.SchemaTool] - >>  C:\StravaServer\Strava_G11_Server\Proyecto_Strava_Grupo_11\bin
17:25:49,854 (main) INFO  [DataNucleus.SchemaTool] - >>  C:\StravaServer\Strava_G11_Server\Proyecto_Strava_Grupo_11\resources
17:25:55,903 (main) ERROR [DataNucleus.Datastore.Schema] - La inicialización del base de datos ha fallado.
Access denied for user 'strava_user'@'localhost' (using password: YES)
org.datanucleus.exceptions.NucleusDataStoreException: Access denied for user 'strava_user'@'localhost' (using password: YES)
	at org.datanucleus.store.rdbms.ConnectionFactoryImpl$ManagedConnectionImpl.getConnection(ConnectionFactoryImpl.java:513)
	at org.datanucleus.store.rdbms.RDBMSStoreManager.<init>(RDBMSStoreManager.java:287)
	at java.base/jdk.internal.reflect.NativeConstructorAccessorImpl.newInstance0(Native Method)
	at java.base/jdk.internal.reflect.NativeConstructorAccessorImpl.newInstance(NativeConstructorAccessorImpl.java:78)
	at java.base/jdk.internal.reflect.DelegatingConstructorAccessorImpl.newInstance(DelegatingConstructorAccessorImpl.java:45)
	at java.base/java.lang.reflect.Constructor.newInstanceWithCaller(Constructor.java:499)
	at java.base/java.lang.reflect.Constructor.newInstance(Constructor.java:480)
	at org.datanucleus.plugin.NonManagedPluginRegistry.createExecutableExtension(NonManagedPluginRegistry.java:651)
	at org.datanucleus.plugin.PluginManager.createExecutableExtension(PluginManager.java:295)
	at org.datanucleus.store.StoreManagerHelper.createStoreManagerForProperties(StoreManagerHelper.java:77)
	at org.datanucleus.PersistenceNucleusContextImpl.initialise(PersistenceNucleusContextImpl.java:429)
	at org.datanucleus.store.schema.SchemaTool.getNucleusContextForMode(SchemaTool.java:727)
	at org.datanucleus.store.schema.SchemaTool.main(SchemaTool.java:298)
Caused by: java.sql.SQLException: Access denied for user 'strava_user'@'localhost' (using password: YES)
	at com.mysql.cj.jdbc.exceptions.SQLError.createSQLException(SQLError.java:129)
	at com.mysql.cj.jdbc.exceptions.SQLExceptionsMapping.translateException(SQLExceptionsMapping.java:122)
	at com.mysql.cj.jdbc.ConnectionImpl.createNewIO(ConnectionImpl.java:828)
	at com.mysql.cj.jdbc.ConnectionImpl.<init>(ConnectionImpl.java:448)
	at com.mysql.cj.jdbc.ConnectionImpl.getInstance(ConnectionImpl.java:241)
	at com.mysql.cj.jdbc.NonRegisteringDriver.connect(NonRegisteringDriver.java:198)
	at java.sql/java.sql.DriverManager.getConnection(DriverManager.java:677)
	at java.sql/java.sql.DriverManager.getConnection(DriverManager.java:189)
	at org.datanucleus.store.rdbms.datasource.dbcp2.DriverManagerConnectionFactory.createConnection(DriverManagerConnectionFactory.java:123)
	at org.datanucleus.store.rdbms.datasource.dbcp2.PoolableConnectionFactory.makeObject(PoolableConnectionFactory.java:353)
	at org.datanucleus.store.rdbms.datasource.dbcp2.pool2.impl.GenericObjectPool.create(GenericObjectPool.java:899)
	at org.datanucleus.store.rdbms.datasource.dbcp2.pool2.impl.GenericObjectPool.borrowObject(GenericObjectPool.java:429)
	at org.datanucleus.store.rdbms.datasource.dbcp2.pool2.impl.GenericObjectPool.borrowObject(GenericObjectPool.java:354)
	at org.datanucleus.store.rdbms.datasource.dbcp2.PoolingDataSource.getConnection(PoolingDataSource.java:132)
	at org.datanucleus.store.rdbms.ConnectionFactoryImpl$ManagedConnectionImpl.getConnection(ConnectionFactoryImpl.java:496)
	... 12 more
Nested Throwables StackTrace:
java.sql.SQLException: Access denied for user 'strava_user'@'localhost' (using password: YES)
	at com.mysql.cj.jdbc.exceptions.SQLError.createSQLException(SQLError.java:129)
	at com.mysql.cj.jdbc.exceptions.SQLExceptionsMapping.translateException(SQLExceptionsMapping.java:122)
	at com.mysql.cj.jdbc.ConnectionImpl.createNewIO(ConnectionImpl.java:828)
	at com.mysql.cj.jdbc.ConnectionImpl.<init>(ConnectionImpl.java:448)
	at com.mysql.cj.jdbc.ConnectionImpl.getInstance(ConnectionImpl.java:241)
	at com.mysql.cj.jdbc.NonRegisteringDriver.connect(NonRegisteringDriver.java:198)
	at java.sql/java.sql.DriverManager.getConnection(DriverManager.java:677)
	at java.sql/java.sql.DriverManager.getConnection(DriverManager.java:189)
	at org.datanucleus.store.rdbms.datasource.dbcp2.DriverManagerConnectionFactory.createConnection(DriverManagerConnectionFactory.java:123)
	at org.datanucleus.store.rdbms.datasource.dbcp2.PoolableConnectionFactory.makeObject(PoolableConnectionFactory.java:353)
	at org.datanucleus.store.rdbms.datasource.dbcp2.pool2.impl.GenericObjectPool.create(GenericObjectPool.java:899)
	at org.datanucleus.store.rdbms.datasource.dbcp2.pool2.impl.GenericObjectPool.borrowObject(GenericObjectPool.java:429)
	at org.datanucleus.store.rdbms.datasource.dbcp2.pool2.impl.GenericObjectPool.borrowObject(GenericObjectPool.java:354)
	at org.datanucleus.store.rdbms.datasource.dbcp2.PoolingDataSource.getConnection(PoolingDataSource.java:132)
	at org.datanucleus.store.rdbms.ConnectionFactoryImpl$ManagedConnectionImpl.getConnection(ConnectionFactoryImpl.java:496)
	at org.datanucleus.store.rdbms.RDBMSStoreManager.<init>(RDBMSStoreManager.java:287)
	at java.base/jdk.internal.reflect.NativeConstructorAccessorImpl.newInstance0(Native Method)
	at java.base/jdk.internal.reflect.NativeConstructorAccessorImpl.newInstance(NativeConstructorAccessorImpl.java:78)
	at java.base/jdk.internal.reflect.DelegatingConstructorAccessorImpl.newInstance(DelegatingConstructorAccessorImpl.java:45)
	at java.base/java.lang.reflect.Constructor.newInstanceWithCaller(Constructor.java:499)
	at java.base/java.lang.reflect.Constructor.newInstance(Constructor.java:480)
	at org.datanucleus.plugin.NonManagedPluginRegistry.createExecutableExtension(NonManagedPluginRegistry.java:651)
	at org.datanucleus.plugin.PluginManager.createExecutableExtension(PluginManager.java:295)
	at org.datanucleus.store.StoreManagerHelper.createStoreManagerForProperties(StoreManagerHelper.java:77)
	at org.datanucleus.PersistenceNucleusContextImpl.initialise(PersistenceNucleusContextImpl.java:429)
	at org.datanucleus.store.schema.SchemaTool.getNucleusContextForMode(SchemaTool.java:727)
	at org.datanucleus.store.schema.SchemaTool.main(SchemaTool.java:298)
17:25:55,922 (main) ERROR [DataNucleus.Datastore] - Exception thrown creating StoreManager : Access denied for user 'strava_user'@'localhost' (using password: YES)
17:25:55,922 (main) ERROR [DataNucleus.SchemaTool] - Error creating NucleusContext
Access denied for user 'strava_user'@'localhost' (using password: YES)
org.datanucleus.exceptions.NucleusDataStoreException: Access denied for user 'strava_user'@'localhost' (using password: YES)
	at org.datanucleus.store.rdbms.ConnectionFactoryImpl$ManagedConnectionImpl.getConnection(ConnectionFactoryImpl.java:513)
	at org.datanucleus.store.rdbms.RDBMSStoreManager.<init>(RDBMSStoreManager.java:287)
	at java.base/jdk.internal.reflect.NativeConstructorAccessorImpl.newInstance0(Native Method)
	at java.base/jdk.internal.reflect.NativeConstructorAccessorImpl.newInstance(NativeConstructorAccessorImpl.java:78)
	at java.base/jdk.internal.reflect.DelegatingConstructorAccessorImpl.newInstance(DelegatingConstructorAccessorImpl.java:45)
	at java.base/java.lang.reflect.Constructor.newInstanceWithCaller(Constructor.java:499)
	at java.base/java.lang.reflect.Constructor.newInstance(Constructor.java:480)
	at org.datanucleus.plugin.NonManagedPluginRegistry.createExecutableExtension(NonManagedPluginRegistry.java:651)
	at org.datanucleus.plugin.PluginManager.createExecutableExtension(PluginManager.java:295)
	at org.datanucleus.store.StoreManagerHelper.createStoreManagerForProperties(StoreManagerHelper.java:77)
	at org.datanucleus.PersistenceNucleusContextImpl.initialise(PersistenceNucleusContextImpl.java:429)
	at org.datanucleus.store.schema.SchemaTool.getNucleusContextForMode(SchemaTool.java:727)
	at org.datanucleus.store.schema.SchemaTool.main(SchemaTool.java:298)
Caused by: java.sql.SQLException: Access denied for user 'strava_user'@'localhost' (using password: YES)
	at com.mysql.cj.jdbc.exceptions.SQLError.createSQLException(SQLError.java:129)
	at com.mysql.cj.jdbc.exceptions.SQLExceptionsMapping.translateException(SQLExceptionsMapping.java:122)
	at com.mysql.cj.jdbc.ConnectionImpl.createNewIO(ConnectionImpl.java:828)
	at com.mysql.cj.jdbc.ConnectionImpl.<init>(ConnectionImpl.java:448)
	at com.mysql.cj.jdbc.ConnectionImpl.getInstance(ConnectionImpl.java:241)
	at com.mysql.cj.jdbc.NonRegisteringDriver.connect(NonRegisteringDriver.java:198)
	at java.sql/java.sql.DriverManager.getConnection(DriverManager.java:677)
	at java.sql/java.sql.DriverManager.getConnection(DriverManager.java:189)
	at org.datanucleus.store.rdbms.datasource.dbcp2.DriverManagerConnectionFactory.createConnection(DriverManagerConnectionFactory.java:123)
	at org.datanucleus.store.rdbms.datasource.dbcp2.PoolableConnectionFactory.makeObject(PoolableConnectionFactory.java:353)
	at org.datanucleus.store.rdbms.datasource.dbcp2.pool2.impl.GenericObjectPool.create(GenericObjectPool.java:899)
	at org.datanucleus.store.rdbms.datasource.dbcp2.pool2.impl.GenericObjectPool.borrowObject(GenericObjectPool.java:429)
	at org.datanucleus.store.rdbms.datasource.dbcp2.pool2.impl.GenericObjectPool.borrowObject(GenericObjectPool.java:354)
	at org.datanucleus.store.rdbms.datasource.dbcp2.PoolingDataSource.getConnection(PoolingDataSource.java:132)
	at org.datanucleus.store.rdbms.ConnectionFactoryImpl$ManagedConnectionImpl.getConnection(ConnectionFactoryImpl.java:496)
	... 12 more
Nested Throwables StackTrace:
java.sql.SQLException: Access denied for user 'strava_user'@'localhost' (using password: YES)
	at com.mysql.cj.jdbc.exceptions.SQLError.createSQLException(SQLError.java:129)
	at com.mysql.cj.jdbc.exceptions.SQLExceptionsMapping.translateException(SQLExceptionsMapping.java:122)
	at com.mysql.cj.jdbc.ConnectionImpl.createNewIO(ConnectionImpl.java:828)
	at com.mysql.cj.jdbc.ConnectionImpl.<init>(ConnectionImpl.java:448)
	at com.mysql.cj.jdbc.ConnectionImpl.getInstance(ConnectionImpl.java:241)
	at com.mysql.cj.jdbc.NonRegisteringDriver.connect(NonRegisteringDriver.java:198)
	at java.sql/java.sql.DriverManager.getConnection(DriverManager.java:677)
	at java.sql/java.sql.DriverManager.getConnection(DriverManager.java:189)
	at org.datanucleus.store.rdbms.datasource.dbcp2.DriverManagerConnectionFactory.createConnection(DriverManagerConnectionFactory.java:123)
	at org.datanucleus.store.rdbms.datasource.dbcp2.PoolableConnectionFactory.makeObject(PoolableConnectionFactory.java:353)
	at org.datanucleus.store.rdbms.datasource.dbcp2.pool2.impl.GenericObjectPool.create(GenericObjectPool.java:899)
	at org.datanucleus.store.rdbms.datasource.dbcp2.pool2.impl.GenericObjectPool.borrowObject(GenericObjectPool.java:429)
	at org.datanucleus.store.rdbms.datasource.dbcp2.pool2.impl.GenericObjectPool.borrowObject(GenericObjectPool.java:354)
	at org.datanucleus.store.rdbms.datasource.dbcp2.PoolingDataSource.getConnection(PoolingDataSource.java:132)
	at org.datanucleus.store.rdbms.ConnectionFactoryImpl$ManagedConnectionImpl.getConnection(ConnectionFactoryImpl.java:496)
	at org.datanucleus.store.rdbms.RDBMSStoreManager.<init>(RDBMSStoreManager.java:287)
	at java.base/jdk.internal.reflect.NativeConstructorAccessorImpl.newInstance0(Native Method)
	at java.base/jdk.internal.reflect.NativeConstructorAccessorImpl.newInstance(NativeConstructorAccessorImpl.java:78)
	at java.base/jdk.internal.reflect.DelegatingConstructorAccessorImpl.newInstance(DelegatingConstructorAccessorImpl.java:45)
	at java.base/java.lang.reflect.Constructor.newInstanceWithCaller(Constructor.java:499)
	at java.base/java.lang.reflect.Constructor.newInstance(Constructor.java:480)
	at org.datanucleus.plugin.NonManagedPluginRegistry.createExecutableExtension(NonManagedPluginRegistry.java:651)
	at org.datanucleus.plugin.PluginManager.createExecutableExtension(PluginManager.java:295)
	at org.datanucleus.store.StoreManagerHelper.createStoreManagerForProperties(StoreManagerHelper.java:77)
	at org.datanucleus.PersistenceNucleusContextImpl.initialise(PersistenceNucleusContextImpl.java:429)
	at org.datanucleus.store.schema.SchemaTool.getNucleusContextForMode(SchemaTool.java:727)
	at org.datanucleus.store.schema.SchemaTool.main(SchemaTool.java:298)
